2025-05-29 05:49:59,255 - __main__ - INFO - Starting worker: processing
2025-05-29 05:49:59,256 - database - INFO - Attempting to connect to database (attempt 1/10)
2025-05-29 05:49:59,269 - __main__ - INFO - Starting worker: notifications
2025-05-29 05:49:59,270 - database - INFO - Attempting to connect to database (attempt 1/10)
2025-05-29 05:49:59,289 - database - INFO - Database connection established successfully
2025-05-29 05:49:59,297 - database - INFO - Database tables created/verified successfully
2025-05-29 05:49:59,301 - redis_service - INFO - Redis connection established successfully
2025-05-29 05:49:59,301 - rabbitmq_service - INFO - Attempting to connect to RabbitMQ (attempt 1/10)
2025-05-29 05:49:59,302 - database - INFO - Database connection established successfully
2025-05-29 05:49:59,305 - database - INFO - Database tables created/verified successfully
2025-05-29 05:49:59,308 - redis_service - INFO - Redis connection established successfully
2025-05-29 05:49:59,308 - rabbitmq_service - INFO - Attempting to connect to RabbitMQ (attempt 1/10)
2025-05-29 05:49:59,586 - rabbitmq_service - INFO - RabbitMQ infrastructure setup completed
2025-05-29 05:49:59,587 - rabbitmq_service - INFO - RabbitMQ connection established successfully
2025-05-29 05:49:59,587 - __main__ - INFO - All services initialized
2025-05-29 05:49:59,588 - rabbitmq_service - INFO - Started consuming messages from queue: data.processing
2025-05-29 05:49:59,589 - rabbitmq_service - INFO - Started consuming messages from queue: batch.operations
2025-05-29 05:49:59,590 - rabbitmq_service - INFO - RabbitMQ infrastructure setup completed
2025-05-29 05:49:59,590 - rabbitmq_service - INFO - Started consuming messages from queue: report.generation
2025-05-29 05:49:59,591 - rabbitmq_service - INFO - RabbitMQ connection established successfully
2025-05-29 05:49:59,591 - __main__ - INFO - All services initialized
2025-05-29 05:49:59,592 - rabbitmq_service - INFO - Started consuming messages from queue: user.events
2025-05-29 05:49:59,592 - __main__ - INFO - Processing worker started
2025-05-29 05:49:59,592 - rabbitmq_service - INFO - Started consuming messages from queue: user.notifications
2025-05-29 05:49:59,594 - rabbitmq_service - INFO - Started consuming messages from queue: email.queue
2025-05-29 05:49:59,594 - __main__ - INFO - Notification worker started
2025-05-29 05:53:49,627 - __main__ - INFO - Received signal 15, shutting down...
2025-05-29 05:53:49,649 - __main__ - INFO - Received signal 15, shutting down...
2025-05-29 05:55:38,038 - __main__ - INFO - Starting worker: processing
2025-05-29 05:55:38,038 - database - INFO - Attempting to connect to database (attempt 1/10)
2025-05-29 05:55:38,067 - database - INFO - Database connection established successfully
2025-05-29 05:55:38,076 - database - INFO - Database tables created/verified successfully
2025-05-29 05:55:38,078 - redis_service - INFO - Redis connection established successfully
2025-05-29 05:55:38,078 - rabbitmq_service - INFO - Attempting to connect to RabbitMQ (attempt 1/10)
2025-05-29 05:55:38,106 - __main__ - INFO - Starting worker: notifications
2025-05-29 05:55:38,107 - database - INFO - Attempting to connect to database (attempt 1/10)
2025-05-29 05:55:38,138 - database - INFO - Database connection established successfully
2025-05-29 05:55:38,139 - database - INFO - Database tables created/verified successfully
2025-05-29 05:55:38,141 - redis_service - INFO - Redis connection established successfully
2025-05-29 05:55:38,141 - rabbitmq_service - INFO - Attempting to connect to RabbitMQ (attempt 1/10)
2025-05-29 05:55:38,308 - rabbitmq_service - INFO - RabbitMQ infrastructure setup completed
2025-05-29 05:55:38,309 - rabbitmq_service - INFO - RabbitMQ connection established successfully
2025-05-29 05:55:38,309 - __main__ - INFO - All services initialized
2025-05-29 05:55:38,310 - rabbitmq_service - INFO - Started consuming messages from queue: data.processing
2025-05-29 05:55:38,310 - rabbitmq_service - INFO - RabbitMQ infrastructure setup completed
2025-05-29 05:55:38,311 - rabbitmq_service - INFO - RabbitMQ connection established successfully
2025-05-29 05:55:38,311 - __main__ - INFO - All services initialized
2025-05-29 05:55:38,311 - rabbitmq_service - INFO - Started consuming messages from queue: batch.operations
2025-05-29 05:55:38,312 - rabbitmq_service - INFO - Started consuming messages from queue: report.generation
2025-05-29 05:55:38,312 - rabbitmq_service - INFO - Started consuming messages from queue: user.notifications
2025-05-29 05:55:38,313 - rabbitmq_service - INFO - Started consuming messages from queue: user.events
2025-05-29 05:55:38,313 - rabbitmq_service - INFO - Started consuming messages from queue: email.queue
2025-05-29 05:55:38,313 - __main__ - INFO - Processing worker started
2025-05-29 05:55:38,313 - __main__ - INFO - Notification worker started
2025-05-29 06:02:33,612 - __main__ - INFO - Received signal 15, shutting down...
2025-05-29 06:02:33,612 - __main__ - INFO - Received signal 15, shutting down...
2025-05-29 06:02:38,056 - rabbitmq_service - INFO - RabbitMQ connection closed
2025-05-29 06:02:38,056 - redis_service - INFO - Redis connection closed
2025-05-29 06:02:38,057 - database - INFO - Database connection closed
2025-05-29 06:02:38,057 - __main__ - INFO - All services closed
2025-05-29 06:02:38,117 - rabbitmq_service - INFO - RabbitMQ connection closed
2025-05-29 06:02:38,117 - redis_service - INFO - Redis connection closed
2025-05-29 06:02:38,118 - database - INFO - Database connection closed
2025-05-29 06:02:38,118 - __main__ - INFO - All services closed
2025-05-29 06:03:39,973 - __main__ - INFO - Starting worker: processing
2025-05-29 06:03:39,974 - database - INFO - Attempting to connect to database (attempt 1/10)
2025-05-29 06:03:39,987 - __main__ - INFO - Starting worker: notifications
2025-05-29 06:03:39,987 - database - INFO - Attempting to connect to database (attempt 1/10)
2025-05-29 06:03:40,001 - database - INFO - Database connection established successfully
2025-05-29 06:03:40,010 - database - INFO - Database tables created/verified successfully
2025-05-29 06:03:40,012 - redis_service - INFO - Redis connection established successfully
2025-05-29 06:03:40,012 - rabbitmq_service - INFO - Attempting to connect to RabbitMQ (attempt 1/10)
2025-05-29 06:03:40,020 - database - INFO - Database connection established successfully
2025-05-29 06:03:40,021 - database - INFO - Database tables created/verified successfully
2025-05-29 06:03:40,023 - redis_service - INFO - Redis connection established successfully
2025-05-29 06:03:40,023 - rabbitmq_service - INFO - Attempting to connect to RabbitMQ (attempt 1/10)
2025-05-29 06:03:40,259 - rabbitmq_service - INFO - RabbitMQ infrastructure setup completed
2025-05-29 06:03:40,259 - rabbitmq_service - INFO - RabbitMQ connection established successfully
2025-05-29 06:03:40,259 - __main__ - INFO - All services initialized
2025-05-29 06:03:40,260 - rabbitmq_service - INFO - Started consuming messages from queue: user.notifications
2025-05-29 06:03:40,261 - rabbitmq_service - INFO - RabbitMQ infrastructure setup completed
2025-05-29 06:03:40,261 - rabbitmq_service - INFO - RabbitMQ connection established successfully
2025-05-29 06:03:40,261 - __main__ - INFO - All services initialized
2025-05-29 06:03:40,262 - rabbitmq_service - INFO - Started consuming messages from queue: email.queue
2025-05-29 06:03:40,262 - __main__ - INFO - Notification worker started
2025-05-29 06:03:40,262 - rabbitmq_service - INFO - Started consuming messages from queue: data.processing
2025-05-29 06:03:40,263 - rabbitmq_service - INFO - Started consuming messages from queue: batch.operations
2025-05-29 06:03:40,264 - rabbitmq_service - INFO - Started consuming messages from queue: report.generation
2025-05-29 06:03:40,265 - rabbitmq_service - INFO - Started consuming messages from queue: user.events
2025-05-29 06:03:40,265 - __main__ - INFO - Processing worker started
